\BOOKMARK [1][-]{section.1}{\376\377\000O\000p\000i\000s\000\040\000p\000r\000o\000j\000e\000k\000t\000u}{}% 1
\BOOKMARK [1][-]{section.2}{\376\377\000P\000l\000a\000n\000\040\000p\000r\000a\000c\000y\000\040\000i\000\040\000r\000o\000z\000k\000l\000a\000d\000\040\000w\000\040\000c\000z\000a\000s\000i\000e}{}% 2
\BOOKMARK [2][-]{subsection.2.1}{\376\377\000K\000a\000m\000i\000e\000n\000i\000e\000\040\000m\000i\000l\000o\000w\000e}{section.2}% 3
\BOOKMARK [3][-]{subsubsection.2.1.1}{\376\377\000E\000r\000g\000o\000n\000o\000m\000i\000a}{subsection.2.1}% 4
\BOOKMARK [3][-]{subsubsection.2.1.2}{\376\377\000E\000l\000e\000k\000t\000r\000o\000n\000i\000k\000a}{subsection.2.1}% 5
\BOOKMARK [3][-]{subsubsection.2.1.3}{\376\377\000S\000e\000r\000w\000e\000r}{subsection.2.1}% 6
\BOOKMARK [2][-]{subsection.2.2}{\376\377\000D\000e\000k\000o\000m\000p\000o\000z\000y\000c\000j\000a\000\040\000p\000r\000o\000j\000e\000k\000t\000u}{section.2}% 7
\BOOKMARK [3][-]{subsubsection.2.2.1}{\376\377\000E\000r\000g\000o\000n\000o\000m\000i\000a}{subsection.2.2}% 8
\BOOKMARK [3][-]{subsubsection.2.2.2}{\376\377\000E\000l\000e\000k\000t\000r\000o\000n\000i\000k\000a}{subsection.2.2}% 9
\BOOKMARK [3][-]{subsubsection.2.2.3}{\376\377\000S\000e\000r\000w\000e\000r}{subsection.2.2}% 10
\BOOKMARK [2][-]{subsection.2.3}{\376\377\000W\000y\000k\000r\000e\000s\000\040\000G\000a\000n\000t\000t\000a}{section.2}% 11
\BOOKMARK [1][-]{section.3}{\376\377\000D\000o\000r\001\031\000c\000z\000e\000n\000i\000e}{}% 12
\BOOKMARK [2][-]{subsection.3.1}{\376\377\000E\000r\000g\000o\000n\000o\000m\000i\000a}{section.3}% 13
\BOOKMARK [2][-]{subsection.3.2}{\376\377\000E\000l\000e\000k\000t\000r\000o\000n\000i\000k\000a}{section.3}% 14
\BOOKMARK [2][-]{subsection.3.3}{\376\377\000S\000e\000r\000w\000e\000r}{section.3}% 15
\BOOKMARK [1][-]{section.4}{\376\377\000B\000u\000d\001\174\000e\000t}{}% 16
\BOOKMARK [2][-]{subsection.4.1}{\376\377\000E\000l\000e\000k\000t\000r\000o\000n\000i\000k\000a\000\040\000-\000\040\000c\000z\000u\000j\000n\000i\000k\000i}{section.4}% 17
\BOOKMARK [2][-]{subsection.4.2}{\376\377\000E\000l\000e\000k\000t\000r\000o\000n\000i\000k\000a\000\040\000-\000\040\000s\000t\000e\000r\000o\000w\000n\000i\000e\000\040\000i\000\040\000k\000o\000m\000u\000n\000i\000k\000a\000c\000j\000a}{section.4}% 18
\BOOKMARK [2][-]{subsection.4.3}{\376\377\000Z\000a\000s\000o\000b\000y\000\040\000l\000u\000d\000z\000k\000i\000e}{section.4}% 19
\BOOKMARK [1][-]{section.5}{\376\377\000Z\000a\000r\000z\001\005\000d\000z\000a\000n\000i\000e\000\040\000p\000r\000o\000j\000e\000k\000t\000e\000m}{}% 20
\BOOKMARK [1][-]{section.6}{\376\377\000Z\000e\000s\000p\000\363\001\102}{}% 21
